  Building Custom Rule C:/Users/consu/OneDrive/Escritorio/Void WoW/source/dep/g3dlite/CMakeLists.txt
  AABox.cpp
  Any.cpp
  BinaryFormat.cpp
  BinaryInput.cpp
  BinaryOutput.cpp
  Box.cpp
  Capsule.cpp
  CollisionDetection.cpp
  CoordinateFrame.cpp
  Crypto.cpp
  Cylinder.cpp
  debugAssert.cpp
  fileutils.cpp
  FileSystem.cpp
  format.cpp
  g3dfnmatch.cpp
  g3dmath.cpp
  Line.cpp
  LineSegment.cpp
  Log.cpp
  Matrix3.cpp
  Matrix4.cpp
  MemoryManager.cpp
  PhysicsFrame.cpp
  Plane.cpp
  prompt.cpp
  Quat.cpp
  Random.cpp
  Ray.cpp
  ReferenceCount.cpp
  RegistryUtil.cpp
  Sphere.cpp
  stringutils.cpp
  System.cpp
  TextInput.cpp
  TextOutput.cpp
  Triangle.cpp
  uint128.cpp
  UprightFrame.cpp
  Vector2.cpp
  Vector3.cpp
  Vector4.cpp
  g3dlib.vcxproj -> C:\Users\consu\OneDrive\Escritorio\Void WoW\source\dep\g3dlite\Release\g3dlib.lib
